#
# There is insufficient memory for the Java Runtime Environment to continue.
# Native memory allocation (mmap) failed to map 264241152 bytes for Failed to commit area from 0x0000000704200000 to 0x0000000713e00000 of length 264241152.
# Possible reasons:
#   The system is out of physical RAM or swap space
#   The process is running with CompressedOops enabled, and the Java Heap may be blocking the growth of the native heap
# Possible solutions:
#   Reduce memory load on the system
#   Increase physical memory or swap space
#   Check if swap backing store is full
#   Decrease Java heap size (-Xmx/-Xms)
#   Decrease number of Java threads
#   Decrease Java thread stack sizes (-Xss)
#   Set larger code cache with -XX:ReservedCodeCacheSize=
# This output file may be truncated or incomplete.
#
#  Out of Memory Error (./open/src/hotspot/os/windows/os_windows.cpp:3284), pid=12560, tid=18768
#
# JRE version:  (11.0.14+8) (build )
# Java VM: Java HotSpot(TM) 64-Bit Server VM (11.0.14+8-LTS-263, mixed mode, sharing, tiered, compressed oops, g1 gc, windows-amd64)
# No core dump will be written. Minidumps are not enabled by default on client versions of Windows
#

---------------  S U M M A R Y ------------

Command Line: -javaagent:C:\Users\cuong.truong\.m2\repository/org/aspectj/aspectjweaver/1.9.8/aspectjweaver-1.9.8.jar C:\Users\CUONG~1.TRU\AppData\Local\Temp\surefire18042536001694650056\surefirebooter13714666230902394474.jar C:\Users\cuong.truong\AppData\Local\Temp\surefire18042536001694650056 2022-12-12T18-25-22_185-jvmRun1 surefire2586224327651173803tmp surefire_01647162634053091249tmp

Host: Intel(R) Core(TM) i5-1035G7 CPU @ 1.20GHz, 8 cores, 15G,  Windows 10 , 64 bit Build 19041 (10.0.19041.1202)
Time: Mon Dec 12 18:25:22 2022 SE Asia Standard Time elapsed time: 0.025384 seconds (0d 0h 0m 0s)

---------------  T H R E A D  ---------------

Current thread (0x000002a0a1c9e800):  JavaThread "Unknown thread" [_thread_in_vm, id=18768, stack(0x000000f108e00000,0x000000f108f00000)]

Stack: [0x000000f108e00000,0x000000f108f00000]
Native frames: (J=compiled Java code, j=interpreted, Vv=VM code, C=native code)
V  [jvm.dll+0x6296da]
V  [jvm.dll+0x76323f]
V  [jvm.dll+0x7648e9]
V  [jvm.dll+0x764f73]
V  [jvm.dll+0x23d7c8]
V  [jvm.dll+0x626a5a]
V  [jvm.dll+0x61b7f5]
V  [jvm.dll+0x2f262c]
V  [jvm.dll+0x2f24b2]
V  [jvm.dll+0x2f71d6]
V  [jvm.dll+0x339bdf]
V  [jvm.dll+0x339610]
V  [jvm.dll+0x2cfc48]
V  [jvm.dll+0x2d0db6]
V  [jvm.dll+0x73d857]
V  [jvm.dll+0x73f0ef]
V  [jvm.dll+0x346909]
V  [jvm.dll+0x723160]
V  [jvm.dll+0x3b551f]
V  [jvm.dll+0x3b7631]
C  [jli.dll+0x5207]
C  [ucrtbase.dll+0x21bb2]
C  [KERNEL32.DLL+0x17034]
C  [ntdll.dll+0x52651]


---------------  P R O C E S S  ---------------

Threads class SMR info:
_java_thread_list=0x000002a0a1a356b0, length=0, elements={
}

Java Threads: ( => current thread )

Other Threads:
  0x000002a0a1cb4800 GCTaskThread "GC Thread#0" [stack: 0x000000f108f00000,0x000000f109000000] [id=25664]
  0x000002a0a1d0f800 ConcurrentGCThread "G1 Main Marker" [stack: 0x000000f109000000,0x000000f109100000] [id=14828]
  0x000002a0a1d12000 ConcurrentGCThread "G1 Conc#0" [stack: 0x000000f109100000,0x000000f109200000] [id=9412]

[error occurred during error reporting (printing all threads), id 0xc0000005, EXCEPTION_ACCESS_VIOLATION (0xc0000005) at pc=0x00007ffcad97eed7]

VM state:not at safepoint (not fully initialized)

VM Mutex/Monitor currently owned by a thread:  ([mutex/lock_event])
[0x000002a0a1c9b120] Heap_lock - owner thread: 0x000002a0a1c9e800

Heap address: 0x0000000704200000, size: 4030 MB, Compressed Oops mode: Non-zero based: 0x0000000704200000
Narrow klass base: 0x0000000000000000, Narrow klass shift: 0

GC Heap History (0 events):
No events

Deoptimization events (0 events):
No events

Classes redefined (0 events):
No events

Internal exceptions (0 events):
No events

Events (0 events):
No events


Dynamic libraries:
0x00007ff7f0940000 - 0x00007ff7f094f000 	C:\Program Files\Java\jdk-11.0.14\bin\java.exe
0x00007ffcebe30000 - 0x00007ffcec025000 	C:\WINDOWS\SYSTEM32\ntdll.dll
0x00007ffce9fb0000 - 0x00007ffcea06e000 	C:\WINDOWS\System32\KERNEL32.DLL
0x00007ffce9710000 - 0x00007ffce99d9000 	C:\WINDOWS\System32\KERNELBASE.dll
0x00000000626a0000 - 0x0000000062735000 	C:\WINDOWS\System32\SYSFER.DLL
0x00007ffcebd10000 - 0x00007ffcebdbc000 	C:\WINDOWS\System32\ADVAPI32.dll
0x00007ffcea070000 - 0x00007ffcea10e000 	C:\WINDOWS\System32\msvcrt.dll
0x00007ffcea560000 - 0x00007ffcea5fb000 	C:\WINDOWS\System32\sechost.dll
0x00007ffcebb80000 - 0x00007ffcebcaa000 	C:\WINDOWS\System32\RPCRT4.dll
0x00007ffce9b00000 - 0x00007ffce9c00000 	C:\WINDOWS\System32\ucrtbase.dll
0x00007ffcda8c0000 - 0x00007ffcda8d8000 	C:\Program Files\Java\jdk-11.0.14\bin\jli.dll
0x00007ffcea300000 - 0x00007ffcea4a1000 	C:\WINDOWS\System32\USER32.dll
0x00007ffce9ad0000 - 0x00007ffce9af2000 	C:\WINDOWS\System32\win32u.dll
0x00007ffceaa90000 - 0x00007ffceaabb000 	C:\WINDOWS\System32\GDI32.dll
0x00007ffce9600000 - 0x00007ffce970b000 	C:\WINDOWS\System32\gdi32full.dll
0x00007ffce99e0000 - 0x00007ffce9a7d000 	C:\WINDOWS\System32\msvcp_win.dll
0x00007ffcda8a0000 - 0x00007ffcda8b5000 	C:\Program Files\Java\jdk-11.0.14\bin\VCRUNTIME140.dll
0x00007ffcd7220000 - 0x00007ffcd74ba000 	C:\WINDOWS\WinSxS\amd64_microsoft.windows.common-controls_6595b64144ccf1df_6.0.19041.1110_none_60b5254171f9507e\COMCTL32.dll
0x00007ffcdf4a0000 - 0x00007ffcdf4aa000 	C:\WINDOWS\SYSTEM32\VERSION.dll
0x00007ffcea1f0000 - 0x00007ffcea220000 	C:\WINDOWS\System32\IMM32.DLL
0x00007ffcb7a80000 - 0x00007ffcb7abd000 	C:\WWCNT\SYSTEM\wwglhk64.dll
0x00007ffcebcb0000 - 0x00007ffcebd05000 	C:\WINDOWS\System32\SHLWAPI.dll
0x00007ffcb79f0000 - 0x00007ffcb7a71000 	c:\wwcnt\system\WwPsProtect64.dll
0x00007ffcb7960000 - 0x00007ffcb79c8000 	C:\WWCNT\SYSTEM\printhk64.dll
0x00007ffce7ed0000 - 0x00007ffce7f03000 	C:\WINDOWS\SYSTEM32\ntmarta.dll
0x00007ffce7f60000 - 0x00007ffce7f72000 	C:\WINDOWS\SYSTEM32\kernel.appcore.dll
0x00007ffcb2a30000 - 0x00007ffcb2acb000 	C:\Program Files\Java\jdk-11.0.14\bin\msvcp140.dll
0x00007ffcad6a0000 - 0x00007ffcae1b6000 	C:\Program Files\Java\jdk-11.0.14\bin\server\jvm.dll
0x00007ffcebdc0000 - 0x00007ffcebdc8000 	C:\WINDOWS\System32\PSAPI.DLL
0x00007ffccb1e0000 - 0x00007ffccb1e9000 	C:\WINDOWS\SYSTEM32\WSOCK32.dll
0x00007ffcea220000 - 0x00007ffcea28b000 	C:\WINDOWS\System32\WS2_32.dll
0x00007ffcd3bf0000 - 0x00007ffcd3c17000 	C:\WINDOWS\SYSTEM32\WINMM.dll
0x00007ffcda230000 - 0x00007ffcda240000 	C:\Program Files\Java\jdk-11.0.14\bin\verify.dll
0x00007ffce7960000 - 0x00007ffce7b44000 	C:\WINDOWS\SYSTEM32\DBGHELP.DLL
0x00007ffce7930000 - 0x00007ffce795c000 	C:\WINDOWS\SYSTEM32\dbgcore.DLL
0x00007ffce9dc0000 - 0x00007ffce9e43000 	C:\WINDOWS\System32\bcryptPrimitives.dll
0x00007ffcd8c10000 - 0x00007ffcd8c38000 	C:\Program Files\Java\jdk-11.0.14\bin\java.dll
0x00007ffcd9500000 - 0x00007ffcd950a000 	C:\Program Files\Java\jdk-11.0.14\bin\jimage.dll
0x00007ffcd87d0000 - 0x00007ffcd87de000 	C:\Program Files\Java\jdk-11.0.14\bin\instrument.dll
0x00007ffcd8ba0000 - 0x00007ffcd8bb6000 	C:\Program Files\Java\jdk-11.0.14\bin\zip.dll

dbghelp: loaded successfully - version: 4.0.5 - missing functions: none
symbol engine: initialized successfully - sym options: 0x614 - pdb path: .;C:\Program Files\Java\jdk-11.0.14\bin;C:\WINDOWS\SYSTEM32;C:\WINDOWS\WinSxS\amd64_microsoft.windows.common-controls_6595b64144ccf1df_6.0.19041.1110_none_60b5254171f9507e;C:\WWCNT\SYSTEM;C:\Program Files\Java\jdk-11.0.14\bin\server

VM Arguments:
jvm_args: -javaagent:C:\Users\cuong.truong\.m2\repository/org/aspectj/aspectjweaver/1.9.8/aspectjweaver-1.9.8.jar 
java_command: C:\Users\CUONG~1.TRU\AppData\Local\Temp\surefire18042536001694650056\surefirebooter13714666230902394474.jar C:\Users\cuong.truong\AppData\Local\Temp\surefire18042536001694650056 2022-12-12T18-25-22_185-jvmRun1 surefire2586224327651173803tmp surefire_01647162634053091249tmp
java_class_path (initial): C:\Users\CUONG~1.TRU\AppData\Local\Temp\surefire18042536001694650056\surefirebooter13714666230902394474.jar
Launcher Type: SUN_STANDARD

[Global flags]
     intx CICompilerCount                          = 4                                         {product} {ergonomic}
     uint ConcGCThreads                            = 2                                         {product} {ergonomic}
     uint G1ConcRefinementThreads                  = 8                                         {product} {ergonomic}
   size_t G1HeapRegionSize                         = 1048576                                   {product} {ergonomic}
    uintx GCDrainStackTargetSize                   = 64                                        {product} {ergonomic}
   size_t InitialHeapSize                          = 264241152                                 {product} {ergonomic}
   size_t MarkStackSize                            = 4194304                                   {product} {ergonomic}
   size_t MaxHeapSize                              = 4225761280                                {product} {ergonomic}
   size_t MinHeapDeltaBytes                        = 1048576                                   {product} {ergonomic}
    uintx NonNMethodCodeHeapSize                   = 5836300                                {pd product} {ergonomic}
    uintx NonProfiledCodeHeapSize                  = 122910970                              {pd product} {ergonomic}
    uintx ProfiledCodeHeapSize                     = 122910970                              {pd product} {ergonomic}
    uintx ReservedCodeCacheSize                    = 251658240                              {pd product} {ergonomic}
     bool SegmentedCodeCache                       = true                                      {product} {ergonomic}
     bool UseCompressedClassPointers               = true                                 {lp64_product} {ergonomic}
     bool UseCompressedOops                        = true                                 {lp64_product} {ergonomic}
     bool UseG1GC                                  = true                                      {product} {ergonomic}
     bool UseLargePagesIndividualAllocation        = false                                  {pd product} {ergonomic}

Logging:
Log output configuration:
 #0: stdout all=warning uptime,level,tags
 #1: stderr all=off uptime,level,tags

Environment Variables:
JAVA_HOME=C:\Program Files\Java\jdk-11.0.14
PATH=C:\Program Files\Common Files\Oracle\Java\javapath;C:\ProgramData\Oracle\Java\javapath;C:\Windows\system32;C:\Windows;C:\Windows\System32\Wbem;C:\Windows\System32\WindowsPowerShell\v1.0\;C:\Windows\System32\OpenSSH\;C:\Program Files\TortoiseSVN\bin;C:\Users\cuong.truong\AppData\Local\Microsoft\WindowsApps;C:\adb;E:\HU-Remote\putty;C:\Program Files (x86)\Vector CANdb++ 3.1\Exec32;C:\WINDOWS\system32;C:\WINDOWS;C:\WINDOWS\System32\Wbem;C:\WINDOWS\System32\WindowsPowerShell\v1.0\;C:\WINDOWS\System32\OpenSSH\;C:\Program Files\Git\cmd;C:\Program Files\Java\jdk-11.0.14\bin;E:\__Project testing\01. Tool\allure-commandline-2.13.5\allure-2.13.5\bin;E:\__Project testing\01. Tool\apache-maven-3.8.6-bin\apache-maven-3.8.6\bin;C:\Users\cuong.truong\AppData\Local\Programs\Python\Python310\Scripts\;C:\Users\cuong.truong\AppData\Local\Programs\Python\Python310\;C:\Users\cuong.truong\AppData\Local\Programs\Python\Python37\Scripts\;C:\Users\cuong.truong\AppData\Local\Programs\Python\Python37\;C:\Users\cuong.truong\AppData\Local\Microsoft\WindowsApps;
USERNAME=cuong.truong
OS=Windows_NT
PROCESSOR_IDENTIFIER=Intel64 Family 6 Model 126 Stepping 5, GenuineIntel



---------------  S Y S T E M  ---------------

OS: Windows 10 , 64 bit Build 19041 (10.0.19041.1202)

CPU:total 8 (initial active 8) (4 cores per cpu, 2 threads per core) family 6 model 126 stepping 5 microcode 0x78, cmov, cx8, fxsr, mmx, sse, sse2, sse3, ssse3, sse4.1, sse4.2, popcnt, avx, avx2, aes, clmul, erms, 3dnowpref, lzcnt, ht, tsc, tscinvbit, bmi1, bmi2, adx, evex, sha, fma

Memory: 4k page, system-wide physical 16118M (2395M free)
TotalPageFile size 16118M (AvailPageFile size 117M)
current process WorkingSet (physical memory assigned to process): 12M, peak: 12M
current process commit charge ("private bytes"): 61M, peak: 313M

vm_info: Java HotSpot(TM) 64-Bit Server VM (11.0.14+8-LTS-263) for windows-amd64 JRE (11.0.14+8-LTS-263), built on Dec  7 2021 21:53:57 by "mach5one" with MS VC++ 15.9 (VS2017)

END.
